mode: set
github.com/sribucoding/vibe/vibe.go:55.37,56.25 1 1
github.com/sribucoding/vibe/vibe.go:56.25,58.3 1 1
github.com/sribucoding/vibe/vibe.go:81.43,87.33 2 1
github.com/sribucoding/vibe/vibe.go:87.33,89.3 1 1
github.com/sribucoding/vibe/vibe.go:91.2,91.29 1 1
github.com/sribucoding/vibe/vibe.go:91.29,93.3 1 1
github.com/sribucoding/vibe/vibe.go:95.2,95.15 1 1
github.com/sribucoding/vibe/vibe.go:100.48,102.2 1 1
github.com/sribucoding/vibe/vibe.go:107.101,108.37 1 1
github.com/sribucoding/vibe/vibe.go:108.37,110.3 1 1
github.com/sribucoding/vibe/vibe.go:111.2,111.10 1 1
github.com/sribucoding/vibe/vibe.go:115.118,119.86 2 1
github.com/sribucoding/vibe/vibe.go:119.86,120.27 1 1
github.com/sribucoding/vibe/vibe.go:120.27,121.68 1 0
github.com/sribucoding/vibe/vibe.go:121.68,125.5 2 0
github.com/sribucoding/vibe/vibe.go:126.4,127.10 2 0
github.com/sribucoding/vibe/vibe.go:130.3,130.48 1 1
github.com/sribucoding/vibe/vibe.go:130.48,133.4 2 0
github.com/sribucoding/vibe/vibe.go:139.70,141.2 1 1
github.com/sribucoding/vibe/vibe.go:145.70,148.2 2 0
github.com/sribucoding/vibe/vibe.go:152.100,154.2 1 1
github.com/sribucoding/vibe/vibe.go:158.101,160.2 1 1
github.com/sribucoding/vibe/vibe.go:164.100,166.2 1 1
github.com/sribucoding/vibe/vibe.go:184.76,190.2 1 1
github.com/sribucoding/vibe/vibe.go:195.54,198.2 2 0
github.com/sribucoding/vibe/vibe.go:202.99,206.2 3 1
github.com/sribucoding/vibe/vibe.go:210.100,214.2 3 0
github.com/sribucoding/vibe/vibe.go:218.99,222.2 3 0
github.com/sribucoding/vibe/vibe.go:226.102,230.2 3 0
github.com/sribucoding/vibe/vibe.go:234.101,238.2 3 0
github.com/sribucoding/vibe/vibe.go:242.103,246.2 3 0
github.com/sribucoding/vibe/vibe.go:250.100,254.2 3 0
github.com/sribucoding/vibe/vibe.go:265.75,273.2 3 1
github.com/sribucoding/vibe/vibe.go:277.103,279.2 1 1
github.com/sribucoding/vibe/vibe.go:283.102,285.2 1 1
github.com/sribucoding/vibe/vibe.go:289.104,291.2 1 1
github.com/sribucoding/vibe/vibe.go:295.101,297.2 1 1
github.com/sribucoding/vibe/vibe.go:310.59,315.71 2 1
github.com/sribucoding/vibe/vibe.go:315.71,317.26 1 1
github.com/sribucoding/vibe/vibe.go:317.26,318.49 1 1
github.com/sribucoding/vibe/vibe.go:318.49,321.5 2 0
github.com/sribucoding/vibe/httpjson/httpjson.go:10.51,11.19 1 1
github.com/sribucoding/vibe/httpjson/httpjson.go:11.19,13.3 1 0
github.com/sribucoding/vibe/httpjson/httpjson.go:14.2,16.58 2 1
github.com/sribucoding/vibe/httpjson/httpjson.go:16.58,18.3 1 1
github.com/sribucoding/vibe/httpjson/httpjson.go:20.2,20.12 1 1
github.com/sribucoding/vibe/respond/errors.go:9.69,11.2 1 1
github.com/sribucoding/vibe/respond/errors.go:14.60,15.19 1 1
github.com/sribucoding/vibe/respond/errors.go:15.19,17.3 1 1
github.com/sribucoding/vibe/respond/errors.go:18.2,18.47 1 1
github.com/sribucoding/vibe/respond/errors.go:22.62,24.2 1 1
github.com/sribucoding/vibe/respond/errors.go:27.60,29.16 2 1
github.com/sribucoding/vibe/respond/errors.go:29.16,31.3 1 1
github.com/sribucoding/vibe/respond/errors.go:32.2,32.58 1 1
github.com/sribucoding/vibe/respond/json.go:10.74,14.2 3 1
github.com/sribucoding/vibe/respond/status.go:5.56,7.2 1 1
github.com/sribucoding/vibe/middleware/middleware.go:19.52,20.44 1 1
github.com/sribucoding/vibe/middleware/middleware.go:20.44,21.61 1 1
github.com/sribucoding/vibe/middleware/middleware.go:21.61,28.14 5 1
github.com/sribucoding/vibe/middleware/middleware.go:28.14,30.5 1 1
github.com/sribucoding/vibe/middleware/middleware.go:32.4,32.11 1 1
github.com/sribucoding/vibe/middleware/middleware.go:33.23,34.15 1 0
github.com/sribucoding/vibe/middleware/middleware.go:35.22,36.74 1 1
github.com/sribucoding/vibe/middleware/middleware.go:47.46,49.19 1 1
github.com/sribucoding/vibe/middleware/middleware.go:49.19,51.3 1 1
github.com/sribucoding/vibe/middleware/middleware.go:53.2,53.44 1 1
github.com/sribucoding/vibe/middleware/middleware.go:53.44,54.61 1 1
github.com/sribucoding/vibe/middleware/middleware.go:54.61,55.17 1 1
github.com/sribucoding/vibe/middleware/middleware.go:55.17,56.37 1 1
github.com/sribucoding/vibe/middleware/middleware.go:56.37,58.13 2 1
github.com/sribucoding/vibe/middleware/middleware.go:58.13,60.7 1 1
github.com/sribucoding/vibe/middleware/middleware.go:61.6,62.76 2 1
github.com/sribucoding/vibe/middleware/middleware.go:65.4,65.21 1 1
github.com/sribucoding/vibe/middleware/middleware.go:83.48,84.29 1 1
github.com/sribucoding/vibe/middleware/middleware.go:84.29,86.3 1 1
github.com/sribucoding/vibe/middleware/middleware.go:90.50,91.29 1 1
github.com/sribucoding/vibe/middleware/middleware.go:91.29,93.3 1 1
github.com/sribucoding/vibe/middleware/middleware.go:97.50,98.29 1 1
github.com/sribucoding/vibe/middleware/middleware.go:98.29,100.3 1 1
github.com/sribucoding/vibe/middleware/middleware.go:104.50,105.29 1 1
github.com/sribucoding/vibe/middleware/middleware.go:105.29,107.3 1 1
github.com/sribucoding/vibe/middleware/middleware.go:111.41,112.29 1 1
github.com/sribucoding/vibe/middleware/middleware.go:112.29,114.3 1 1
github.com/sribucoding/vibe/middleware/middleware.go:119.45,129.33 2 1
github.com/sribucoding/vibe/middleware/middleware.go:129.33,131.3 1 1
github.com/sribucoding/vibe/middleware/middleware.go:133.2,133.44 1 1
github.com/sribucoding/vibe/middleware/middleware.go:133.44,134.61 1 1
github.com/sribucoding/vibe/middleware/middleware.go:134.61,139.28 4 1
github.com/sribucoding/vibe/middleware/middleware.go:139.28,141.5 1 1
github.com/sribucoding/vibe/middleware/middleware.go:143.4,143.22 1 1
github.com/sribucoding/vibe/middleware/middleware.go:143.22,145.5 1 1
github.com/sribucoding/vibe/middleware/middleware.go:147.4,147.38 1 1
github.com/sribucoding/vibe/middleware/middleware.go:147.38,150.5 2 1
github.com/sribucoding/vibe/middleware/middleware.go:151.4,151.21 1 1
github.com/sribucoding/vibe/middleware/middleware.go:157.44,158.19 1 1
github.com/sribucoding/vibe/middleware/middleware.go:158.19,160.3 1 1
github.com/sribucoding/vibe/middleware/middleware.go:162.2,162.44 1 1
github.com/sribucoding/vibe/middleware/middleware.go:162.44,163.61 1 1
github.com/sribucoding/vibe/middleware/middleware.go:163.61,166.18 3 1
github.com/sribucoding/vibe/middleware/middleware.go:166.18,168.5 1 1
github.com/sribucoding/vibe/middleware/middleware.go:169.4,169.14 1 1
